Build started 24/08/2015 20:11:43.
     1>Project "C:\Users\Wendriu\documents\visual studio 2013\Projects\JogoDasCores\JogoDasCores\JogoDasCores.vcxproj" on node 2 (Build target(s)).
     1>ClCompile:
         C:\Program Files (x86)\Microsoft Visual Studio 12.0\VC\bin\CL.exe /c /I"C:\Users\Wendriu\Documents\Visual Studio 2013\Projects\Glew and Glut\glew-1.11.0\include" /I"C:\Users\Wendriu\Documents\Visual Studio 2013\Projects\Glew and Glut\freeglut\include" /ZI /nologo /W3 /WX- /sdl /Od /Oy- /D _MBCS /Gm /EHsc /RTC1 /MDd /GS /fp:precise /Zc:wchar_t /Zc:forScope /Fo"Debug\\" /Fd"Debug\vc120.pdb" /Gd /TP /analyze- /errorReport:prompt main.cpp
         main.cpp
     1>c:\users\wendriu\documents\visual studio 2013\projects\jogodascores\jogodascores\main.cpp(53): warning C4244: 'argument' : conversion from 'int' to 'GLfloat', possible loss of data
     1>c:\users\wendriu\documents\visual studio 2013\projects\jogodascores\jogodascores\main.cpp(54): warning C4244: 'argument' : conversion from 'int' to 'GLfloat', possible loss of data
     1>c:\users\wendriu\documents\visual studio 2013\projects\jogodascores\jogodascores\main.cpp(55): warning C4244: 'argument' : conversion from 'int' to 'GLfloat', possible loss of data
     1>c:\users\wendriu\documents\visual studio 2013\projects\jogodascores\jogodascores\main.cpp(56): warning C4244: 'argument' : conversion from 'int' to 'GLfloat', possible loss of data
     1>c:\users\wendriu\documents\visual studio 2013\projects\jogodascores\jogodascores\main.cpp(60): warning C4244: 'argument' : conversion from 'int' to 'GLfloat', possible loss of data
     1>c:\users\wendriu\documents\visual studio 2013\projects\jogodascores\jogodascores\main.cpp(61): warning C4244: 'argument' : conversion from 'int' to 'GLfloat', possible loss of data
     1>c:\users\wendriu\documents\visual studio 2013\projects\jogodascores\jogodascores\main.cpp(62): warning C4244: 'argument' : conversion from 'int' to 'GLfloat', possible loss of data
     1>c:\users\wendriu\documents\visual studio 2013\projects\jogodascores\jogodascores\main.cpp(63): warning C4244: 'argument' : conversion from 'int' to 'GLfloat', possible loss of data
     1>c:\users\wendriu\documents\visual studio 2013\projects\jogodascores\jogodascores\main.cpp(77): warning C4244: 'initializing' : conversion from 'double' to 'int', possible loss of data
     1>c:\users\wendriu\documents\visual studio 2013\projects\jogodascores\jogodascores\main.cpp(82): warning C4244: '=' : conversion from 'float' to 'int', possible loss of data
     1>c:\users\wendriu\documents\visual studio 2013\projects\jogodascores\jogodascores\main.cpp(83): warning C4244: '=' : conversion from 'float' to 'int', possible loss of data
     1>c:\users\wendriu\documents\visual studio 2013\projects\jogodascores\jogodascores\main.cpp(84): warning C4244: '=' : conversion from 'float' to 'int', possible loss of data
     1>c:\users\wendriu\documents\visual studio 2013\projects\jogodascores\jogodascores\main.cpp(88): warning C4244: 'initializing' : conversion from 'float' to 'int', possible loss of data
     1>c:\users\wendriu\documents\visual studio 2013\projects\jogodascores\jogodascores\main.cpp(89): warning C4244: 'initializing' : conversion from 'float' to 'int', possible loss of data
     1>c:\users\wendriu\documents\visual studio 2013\projects\jogodascores\jogodascores\main.cpp(90): warning C4244: 'initializing' : conversion from 'float' to 'int', possible loss of data
       Link:
         C:\Program Files (x86)\Microsoft Visual Studio 12.0\VC\bin\link.exe /ERRORREPORT:PROMPT /OUT:"C:\Users\Wendriu\documents\visual studio 2013\Projects\JogoDasCores\Debug\JogoDasCores.exe" /INCREMENTAL /NOLOGO /LIBPATH:"C:\Users\Wendriu\Documents\Visual Studio 2013\Projects\Glew and Glut\glew-1.11.0\lib" /LIBPATH:"C:\Users\Wendriu\Documents\Visual Studio 2013\Projects\Glew and Glut\freeglut\lib" glew32.lib freeglut.lib kernel32.lib user32.lib gdi32.lib winspool.lib comdlg32.lib advapi32.lib shell32.lib ole32.lib oleaut32.lib uuid.lib odbc32.lib odbccp32.lib /MANIFEST /MANIFESTUAC:"level='asInvoker' uiAccess='false'" /manifest:embed /DEBUG /PDB:"C:\Users\Wendriu\documents\visual studio 2013\Projects\JogoDasCores\Debug\JogoDasCores.pdb" /TLBID:1 /DYNAMICBASE /NXCOMPAT /IMPLIB:"C:\Users\Wendriu\documents\visual studio 2013\Projects\JogoDasCores\Debug\JogoDasCores.lib" /MACHINE:X86 Debug\main.obj
         Debug\retangulo.obj
         JogoDasCores.vcxproj -> C:\Users\Wendriu\documents\visual studio 2013\Projects\JogoDasCores\Debug\JogoDasCores.exe
     1>Done Building Project "C:\Users\Wendriu\documents\visual studio 2013\Projects\JogoDasCores\JogoDasCores\JogoDasCores.vcxproj" (Build target(s)).

Build succeeded.

Time Elapsed 00:00:02.57
